"../../../Engine/Content/Animation/DefaultAnimCurveCompressionSettings.uasset" 0
"../../../Engine/Content/Functions/Engine_MaterialFunctions01/Opacity/CameraDepthFade.uasset" 1
"../../../Engine/Content/EngineMaterials/T_Default_Material_Grid_M.uasset" 2
"../../../Engine/Content/EngineMaterials/T_Default_Material_Grid_N.uasset" 3
"../../../Engine/Content/EngineMaterials/WorldGridMaterial.uasset" 4
"../../../Engine/Content/ArtTools/RenderToTexture/Meshes/S_1_Unit_Plane.uasset" 5
"../../../Engine/Content/EngineMaterials/DefaultMaterial.uasset" 6
"../../../Engine/Content/BasicShapes/Cone.uasset" 7
"../../../Engine/Content/BasicShapes/Cube.uasset" 8
"../../../Engine/Content/BasicShapes/Cylinder.uasset" 9
"../../../Engine/Content/BasicShapes/Plane.uasset" 10
"../../../Engine/Content/EditorLandscapeResources/DataLayer.uasset" 11
"../../../Engine/Content/EditorMaterials/MAT_Groups_Toggle.uasset" 12
"../../../Engine/Content/EditorMaterials/MAT_Groups_Visibility.uasset" 13
"../../../Engine/Content/EditorMaterials/PreviewShadowIndicator.uasset" 14
"../../../Engine/Content/EditorMaterials/PreviewShadowIndicatorMaterial.uasset" 15
"../../../Engine/Content/EditorMaterials/MatineeGroups/MAT_ColorTrack.uasset" 16
"../../../Engine/Content/EditorMaterials/MatineeGroups/MAT_Groups_Anim.uasset" 17
"../../../Engine/Content/EditorMaterials/MatineeGroups/MAT_Groups_AudioMaster.uasset" 18
"../../../Engine/Content/EditorMaterials/MatineeGroups/MAT_Groups_Director.uasset" 19
"../../../Engine/Content/EditorMaterials/MatineeGroups/MAT_Groups_Event.uasset" 20
"../../../Engine/Content/EditorMaterials/MatineeGroups/MAT_Groups_Fade.uasset" 21
"../../../Engine/Content/EditorMaterials/MatineeGroups/MAT_Groups_Float.uasset" 22
"../../../Engine/Content/EditorMaterials/MatineeGroups/MAT_Groups_Move.uasset" 23
"../../../Engine/Content/EditorMaterials/MatineeGroups/MAT_Groups_Slomo.uasset" 24
"../../../Engine/Content/EditorMaterials/MatineeGroups/MAT_Groups_Sound.uasset" 25
"../../../Engine/Content/EditorMaterials/MatineeGroups/MAT_Groups_Vector.uasset" 26
"../../../Engine/Content/EditorMaterials/ParticleSystems/PSysThumbnail_NoImage.uasset" 27
"../../../Engine/Content/EditorMaterials/ParticleSystems/PSysThumbnail_OOD.uasset" 28
"../../../Engine/Content/EditorMaterials/Camera/CineMat.uasset" 29
"../../../Engine/Content/EditorMaterials/Camera/MI_CineMat_Rig.uasset" 30
"../../../Engine/Content/EditorMeshes/Camera/SM_CraneRig_Arm.uasset" 31
"../../../Engine/Content/EditorMeshes/Camera/SM_CraneRig_Base.uasset" 32
"../../../Engine/Content/EditorMeshes/Camera/SM_CraneRig_Body.uasset" 33
"../../../Engine/Content/EditorMeshes/Camera/SM_CraneRig_Mount.uasset" 34
"../../../Engine/Content/EditorMeshes/Camera/SM_RailRig_Mount.uasset" 35
"../../../Engine/Content/EditorMeshes/Camera/SM_RailRig_Track.uasset" 36
"../../../Engine/Content/EditorResources/BSPVertex.uasset" 37
"../../../Engine/Content/EditorResources/S_Actor.uasset" 38
"../../../Engine/Content/EditorResources/S_Note.uasset" 39
"../../../Engine/Content/EditorResources/S_Solver.uasset" 40
"../../../Engine/Content/EditorResources/S_Trigger.uasset" 41
"../../../Engine/Content/EditorResources/SequenceRecorder/Countdown.uasset" 42
"../../../Engine/Content/EditorResources/SequenceRecorder/RecordingIndicator.uasset" 43
"../../../Engine/Content/EditorSounds/Notifications/CompileFailed.uasset" 44
"../../../Engine/Content/EditorSounds/Notifications/CompileFailed_Cue.uasset" 45
"../../../Engine/Content/EditorSounds/Notifications/CompileSuccess.uasset" 46
"../../../Engine/Content/EditorSounds/Notifications/CompileStart_Cue.uasset" 47
"../../../Engine/Content/EditorSounds/Notifications/CompileSuccess_Cue.uasset" 48
"../../../Engine/Content/EngineDamageTypes/DmgTypeBP_Environmental.uasset" 49
"../../../Engine/Content/EngineDebugMaterials/DebugEditorMaterial.uasset" 50
"../../../Engine/Content/EngineDebugMaterials/DebugMeshMaterial.uasset" 51
"../../../Engine/Content/EngineDebugMaterials/M_SimpleTranslucent.uasset" 52
"../../../Engine/Content/Functions/Engine_MaterialFunctions02/Utility/CameraDirectionVector.uasset" 53
"../../../Engine/Content/EngineDebugMaterials/VolumeToRender.uasset" 54
"../../../Engine/Content/EngineDebugMaterials/M_VolumeRenderSphereTracePP.uasset" 55
"../../../Engine/Content/EngineDebugMaterials/WireframeMaterial.uasset" 56
"../../../Engine/Content/EngineFonts/Faces/DroidSansFallback.uasset" 57
"../../../Engine/Content/EngineFonts/Faces/RobotoBold.uasset" 58
"../../../Engine/Content/EngineFonts/Faces/RobotoBoldItalic.uasset" 59
"../../../Engine/Content/EngineFonts/Faces/RobotoItalic.uasset" 60
"../../../Engine/Content/EngineFonts/Faces/RobotoLight.uasset" 61
"../../../Engine/Content/EngineFonts/Faces/RobotoRegular.uasset" 62
"../../../Engine/Content/EngineFonts/Roboto.uasset" 63
"../../../Engine/Content/EngineMaterials/BaseFlattenDiffuseMap.uasset" 64
"../../../Engine/Content/EngineMaterials/BaseFlattenEmissiveMap.uasset" 65
"../../../Engine/Content/EngineMaterials/BaseFlattenGrayscaleMap.uasset" 66
"../../../Engine/Content/EngineMaterials/BaseFlattenNormalMap.uasset" 67
"../../../Engine/Content/EngineMaterials/BaseFlattenMaterial.uasset" 68
"../../../Engine/Content/EngineMaterials/BlueNoise.uasset" 69
"../../../Engine/Content/EngineMaterials/DefaultBloomKernel.uasset" 70
"../../../Engine/Content/EngineMaterials/DefaultBokeh.uasset" 71
"../../../Engine/Content/EngineMaterials/DefaultDiffuse.uasset" 72
"../../../Engine/Content/EngineMaterials/DefaultDeferredDecalMaterial.uasset" 73
"../../../Engine/Content/EngineMaterials/DefaultLightFunctionMaterial.uasset" 74
"../../../Engine/Content/EngineMaterials/DefaultPhysicalMaterial.uasset" 75
"../../../Engine/Content/Functions/Engine_MaterialFunctions02/Utility/BreakOutFloat2Components.uasset" 76
"../../../Engine/Content/EngineMaterials/DefaultPostProcessMaterial.uasset" 77
"../../../Engine/Content/EngineFonts/RobotoDistanceField.uasset" 78
"../../../Engine/Content/EngineMaterials/DefaultTextMaterialOpaque.uasset" 79
"../../../Engine/Content/EngineMaterials/DefaultVirtualTextureMaterial.uasset" 80
"../../../Engine/Content/EngineMaterials/DefaultWhiteGrid.uasset" 81
"../../../Engine/Content/EngineMaterials/DefaultWhiteGrid_Low.uasset" 82
"../../../Engine/Content/EngineMaterials/EmissiveMeshMaterial.uasset" 83
"../../../Engine/Content/EngineMaterials/GizmoMaterial.uasset" 84
"../../../Engine/Content/EngineMaterials/Good64x64TilingNoiseHighFreq.uasset" 85
"../../../Engine/Content/EngineMaterials/HairDefaultMaterial.uasset" 86
"../../../Engine/Content/EngineMaterials/MiniFont.uasset" 87
"../../../Engine/Content/EngineMaterials/InvalidLightmapSettings.uasset" 88
"../../../Engine/Content/EngineMaterials/M_InvalidLightmapSettings.uasset" 89
"../../../Engine/Content/Functions/Engine_MaterialFunctions02/WorldPositionOffset/CameraOffset.uasset" 90
"../../../Engine/Content/EngineMaterials/PhAT_JointLimitMaterial.uasset" 91
"../../../Engine/Content/EngineMaterials/PreintegratedSkinBRDF.uasset" 92
"../../../Engine/Content/EngineMaterials/RemoveSurfaceMaterial.uasset" 93
"../../../Engine/Content/EngineMaterials/WeightMapPlaceholderTexture.uasset" 94
"../../../Engine/Content/EngineResources/WhiteSquareTexture.uasset" 95
"../../../Engine/Content/EngineMaterials/Widget3DPassThrough.uasset" 96
"../../../Engine/Content/EngineMaterials/Widget3DPassThrough_Masked.uasset" 97
"../../../Engine/Content/EngineMaterials/Widget3DPassThrough_Opaque.uasset" 98
"../../../Engine/Content/EngineMaterials/Widget3DPassThrough_Masked_OneSided.uasset" 99
"../../../Engine/Content/EngineMaterials/Widget3DPassThrough_Opaque_OneSided.uasset" 100
"../../../Engine/Content/EngineMaterials/Widget3DPassThrough_Translucent.uasset" 101
"../../../Engine/Content/EngineMaterials/Widget3DPassThrough_Translucent_OneSided.uasset" 102
"../../../Engine/Content/EngineMeshes/Cylinder.uasset" 103
"../../../Engine/Content/EngineMeshes/Sphere.uasset" 104
"../../../Engine/Content/EngineResources/Black.uasset" 105
"../../../Engine/Content/EngineResources/DefaultTexture.uasset" 106
"../../../Engine/Content/EngineResources/DefaultTextureCube.uasset" 107
"../../../Engine/Content/EngineResources/DefaultVolumeTexture2D.uasset" 108
"../../../Engine/Content/EngineResources/DefaultVolumeTexture.uasset" 109
"../../../Engine/Content/EngineResources/GradientTexture0.uasset" 110
"../../../Engine/Content/EngineSounds/Master.uasset" 111
"../../../Engine/Content/Functions/Engine_MaterialFunctions01/Shading/ConvertFromDiffSpec.uasset" 112
"../../../Engine/Content/Functions/Engine_MaterialFunctions01/Shading/PowerToRoughness.uasset" 113
"../../../Engine/Content/Maps/Templates/Thumbnails/Default.uasset" 114
"../../../Engine/Content/Maps/Templates/Thumbnails/TimeOfDay.uasset" 115
"../../../Engine/Content/Maps/Templates/Thumbnails/VR-Basic.uasset" 116
"../../../Engine/Content/MobileResources/T_MobileControls_texture.uasset" 117
"../../../Engine/Content/MobileResources/T_MobileMenu2.uasset" 118
"../../../Engine/Content/MobileResources/HUD/AnalogHat.uasset" 119
"../../../Engine/Content/MobileResources/HUD/VirtualJoystick_Background.uasset" 120
"../../../Engine/Content/MobileResources/HUD/VirtualJoystick_Thumb.uasset" 121
"../../../Engine/Content/MobileResources/HUD/DefaultVirtualJoysticks.uasset" 122
"../../../Engine/Content/MobileResources/HUD/LeftVirtualJoystickOnly.uasset" 123
"../../../Engine/Content/MobileResources/HUD/MobileHUDButton1_off.uasset" 124
"../../../Engine/Content/MobileResources/HUD/MobileHUDButton1_on.uasset" 125
"../../../Engine/Content/MobileResources/HUD/MobileHUDButton2_off.uasset" 126
"../../../Engine/Content/MobileResources/HUD/MobileHUDButton2_on.uasset" 127
"../../../Engine/Content/MobileResources/HUD/MobileHUDButton3.uasset" 128
"../../../Engine/Content/MobileResources/HUD/MobileHUDButtonFire.uasset" 129
"../../../Engine/Content/MobileResources/HUD/MobileHUDDirectionPad.uasset" 130
"../../../Engine/Content/MobileResources/HUD/MobileHUDDirectionPad2.uasset" 131
"../../../Engine/Content/MobileResources/HUD/MobileHUDDirectionPad3.uasset" 132
"../../../Engine/Content/MobileResources/HUD/MobileHUDDirectionStick.uasset" 133
"../../../Engine/Content/MobileResources/HUD/T_Castle_ThumbstickInner.uasset" 134
"../../../Engine/Content/MobileResources/HUD/T_Castle_ThumbstickOutter.uasset" 135
"../../../Engine/Content/Tutorial/ContentIntroCurve.uasset" 136
"../../../Engine/Content/Tutorial/Basics/LevelEditorAttract.uasset" 137
"../../../Engine/Content/Tutorial/Basics/TutorialAssets/icon_tab_Levels_40x.uasset" 138
"../../../Engine/Content/Tutorial/Basics/LevelEditorOverview.uasset" 139
"../../../Engine/Content/Tutorial/Installation/InstallingVisualStudioTutorial.uasset" 140
"../../../Engine/Content/VREditor/LaserPointer/VR_LaserPower_01.uasset" 141
"../../../Engine/Content/VREditor/TransformGizmo/TransformGizmoMaterial.uasset" 142
"../../../Engine/Content/VREditor/TransformGizmo/TranslucentTransformGizmoMaterial.uasset" 143
"../../../Engine/Content/VREditor/TransformGizmo/BoundingBoxCorner.uasset" 144
"../../../Engine/Content/VREditor/TransformGizmo/BoundingBoxEdge.uasset" 145
"../../../Engine/Content/VREditor/TransformGizmo/PlaneTranslationHandle.uasset" 146
"../../../Engine/Content/VREditor/TransformGizmo/Main.uasset" 147
"../../../Engine/Content/VREditor/TransformGizmo/Xray.uasset" 148
"../../../Engine/Content/VREditor/TransformGizmo/SM_Sequencer_Key.uasset" 149
"../../../Engine/Content/VREditor/TransformGizmo/SM_Sequencer_Node.uasset" 150
"../../Plugins/2D/Paper2D/Content/PlaceholderTextures/DummySpriteTexture.uasset" 151
"../../Plugins/2D/Paper2D/Content/DummySprite.uasset" 152
"../../Plugins/2D/Paper2D/Content/DefaultPaperTerrainMaterial.uasset" 153
"../../Plugins/2D/Paper2D/Content/DummySpriteTexture.uasset" 154
"../../Plugins/2D/Paper2D/Content/DefaultSpriteMaterial.uasset" 155
"../../Plugins/2D/Paper2D/Content/MaskedUnlitSpriteMaterial.uasset" 156
"../../Plugins/2D/Paper2D/Content/OpaqueUnlitSpriteMaterial.uasset" 157
"../../../Engine/Content/Functions/Engine_MaterialFunctions02/Utility/BreakOutFloat4Components.uasset" 158
"../../../Engine/Content/Functions/Engine_MaterialFunctions02/Utility/MakeFloat2.uasset" 159
"../../../Engine/Content/Functions/Engine_MaterialFunctions02/Utility/MakeFloat3.uasset" 160
"../../Plugins/Runtime/Oculus/OculusVR/Content/Materials/OculusMR_ChromaKey.uasset" 161
"../../Plugins/Runtime/Oculus/OculusVR/Content/Materials/OculusMR_ChromaKey_Lit.uasset" 162
"../../Plugins/Runtime/Oculus/OculusVR/Content/Materials/OculusMR_OpaqueColoredMaterial.uasset" 163
"../../Plugins/Runtime/Oculus/OculusVR/Content/Materials/OculusMR_WhiteMaterial.uasset" 164
"../../../../../../Users/jackp/Desktop/fastTrack/twinstickshooter/Content/AnimationAssets/UE4_Mannequin/Mesh/UE4_Mannequin_Skeleton.uasset" 165
"../../../../../../Users/jackp/Desktop/fastTrack/twinstickshooter/Content/AnimationAssets/Death_1.uasset" 166
"../../../../../../Users/jackp/Desktop/fastTrack/twinstickshooter/Content/AnimationAssets/Death_2.uasset" 167
"../../../../../../Users/jackp/Desktop/fastTrack/twinstickshooter/Content/AnimationAssets/Death_3.uasset" 168
"../../../../../../Users/jackp/Desktop/fastTrack/twinstickshooter/Content/AnimationAssets/Idle_Rifle_Hip.uasset" 169
"../../../../../../Users/jackp/Desktop/fastTrack/twinstickshooter/Content/AnimationAssets/Jog_Bwd_Rifle.uasset" 170
"../../../../../../Users/jackp/Desktop/fastTrack/twinstickshooter/Content/AnimationAssets/Jog_Fwd_Rifle.uasset" 171
"../../../../../../Users/jackp/Desktop/fastTrack/twinstickshooter/Content/AnimationAssets/Jog_Lt_Rifle.uasset" 172
"../../../../../../Users/jackp/Desktop/fastTrack/twinstickshooter/Content/AnimationAssets/Jog_Rt_Rifle.uasset" 173
"../../../../../../Users/jackp/Desktop/fastTrack/twinstickshooter/Content/AnimationAssets/heroBlend.uasset" 174
"../../../Engine/Content/EditorBlueprintResources/StandardMacros.uasset" 175
"../../../../../../Users/jackp/Desktop/fastTrack/twinstickshooter/Content/AnimationAssets/CharacterAnimBP.uasset" 176
"../../../../../../Users/jackp/Desktop/fastTrack/twinstickshooter/Content/AnimationAssets/Enemy_Idle.uasset" 177
"../../../../../../Users/jackp/Desktop/fastTrack/twinstickshooter/Content/AnimationAssets/Enemy_Walk.uasset" 178
"../../../../../../Users/jackp/Desktop/fastTrack/twinstickshooter/Content/AnimationAssets/enemyBlend.uasset" 179
"../../../../../../Users/jackp/Desktop/fastTrack/twinstickshooter/Content/AnimationAssets/enemyAnimBP.uasset" 180
"../../../../../../Users/jackp/Desktop/fastTrack/twinstickshooter/Content/blueprints/EnemyAI.uasset" 181
"../../../../../../Users/jackp/Desktop/fastTrack/twinstickshooter/Content/blueprints/iDamagable.uasset" 182
"../../../../../../Users/jackp/Desktop/fastTrack/twinstickshooter/Content/blueprints/twinStickMode.uasset" 183
"../../../../../../Users/jackp/Desktop/fastTrack/twinstickshooter/Content/materials/projectileMat.uasset" 184
"../../../Engine/Content/BasicShapes/Sphere.uasset" 185
"../../../../../../Users/jackp/Desktop/fastTrack/twinstickshooter/Content/blueprints/projectile.uasset" 186
"../../../Engine/Content/Functions/Engine_MaterialFunctions01/Shading/MetallicShading.uasset" 187
"../../../Engine/Content/Functions/Engine_MaterialFunctions02/Utility/BlendAngleCorrectedNormals.uasset" 188
"../../../Engine/Content/Functions/MaterialLayerFunctions/MatLayerBlend_AO.uasset" 189
"../../../Engine/Content/Functions/MaterialLayerFunctions/MatLayerBlend_NormalBlend.uasset" 190
"../../../Engine/Content/Functions/MaterialLayerFunctions/MatLayerBlend_Simple.uasset" 191
"../../../../../../Users/jackp/Desktop/fastTrack/twinstickshooter/Content/FPWeapon/Materials/MF_BaseColorTintAndContrast.uasset" 192
"../../../../../../Users/jackp/Desktop/fastTrack/twinstickshooter/Content/FPWeapon/Materials/MF_RoughnessAdjustment.uasset" 193
"../../../../../../Users/jackp/Desktop/fastTrack/twinstickshooter/Content/FPWeapon/Materials/MaterialLayers/T_ML_FineRubber.uasset" 194
"../../../../../../Users/jackp/Desktop/fastTrack/twinstickshooter/Content/FPWeapon/Materials/MaterialLayers/T_ML_Rubber_Blue_01_D.uasset" 195
"../../../../../../Users/jackp/Desktop/fastTrack/twinstickshooter/Content/FPWeapon/Materials/MaterialLayers/T_ML_Rubber_Blue_01_N.uasset" 196
"../../../../../../Users/jackp/Desktop/fastTrack/twinstickshooter/Content/FPWeapon/Textures/UE4_Mannequin_occlusion_Mobile.uasset" 197
"../../../../../../Users/jackp/Desktop/fastTrack/twinstickshooter/Content/FPWeapon/Materials/MaterialLayers/ML_GlossyBlack_Latex_UE4.uasset" 198
"../../../../../../Users/jackp/Desktop/fastTrack/twinstickshooter/Content/FPWeapon/Materials/MaterialLayers/ML_Plastic_Shiny_Beige.uasset" 199
"../../../../../../Users/jackp/Desktop/fastTrack/twinstickshooter/Content/FPWeapon/Textures/UE4_LOGO_CARD.uasset" 200
"../../../../../../Users/jackp/Desktop/fastTrack/twinstickshooter/Content/FPWeapon/Materials/MaterialLayers/ML_Plastic_Shiny_Beige_LOGO.uasset" 201
"../../../../../../Users/jackp/Desktop/fastTrack/twinstickshooter/Content/FPWeapon/Materials/MaterialLayers/T_ML_Aluminum01.uasset" 202
"../../../../../../Users/jackp/Desktop/fastTrack/twinstickshooter/Content/FPWeapon/Materials/MaterialLayers/T_ML_Aluminum01_N.uasset" 203
"../../../../../../Users/jackp/Desktop/fastTrack/twinstickshooter/Content/FPWeapon/Materials/MaterialLayers/ML_SoftMetal_UE4.uasset" 204
"../../../../../../Users/jackp/Desktop/fastTrack/twinstickshooter/Content/FPWeapon/Textures/T_FPGun_AO.uasset" 205
"../../../../../../Users/jackp/Desktop/fastTrack/twinstickshooter/Content/FPWeapon/Textures/T_FPGun_M.uasset" 206
"../../../../../../Users/jackp/Desktop/fastTrack/twinstickshooter/Content/FPWeapon/Textures/T_FPGun_N.uasset" 207
"../../../../../../Users/jackp/Desktop/fastTrack/twinstickshooter/Content/FPWeapon/Materials/M_FPGun.uasset" 208
"../../../../../../Users/jackp/Desktop/fastTrack/twinstickshooter/Content/FPWeapon/Materials/MI_FPGun.uasset" 209
"../../../../../../Users/jackp/Desktop/fastTrack/twinstickshooter/Content/FPWeapon/Mesh/SK_FPGun_PhysicsAsset.uasset" 210
"../../../../../../Users/jackp/Desktop/fastTrack/twinstickshooter/Content/FPWeapon/Mesh/SK_FPGun_Skeleton.uasset" 211
"../../../../../../Users/jackp/Desktop/fastTrack/twinstickshooter/Content/FPWeapon/Mesh/SK_FPGun.uasset" 212
"../../../../../../Users/jackp/Desktop/fastTrack/twinstickshooter/Content/blueprints/weapon.uasset" 213
"../../../../../../Users/jackp/Desktop/fastTrack/twinstickshooter/Content/AnimationAssets/UE4_Mannequin/Materials/MaterialLayers/T_ML_Rubber_Blue_01_D.uasset" 214
"../../../../../../Users/jackp/Desktop/fastTrack/twinstickshooter/Content/AnimationAssets/UE4_Mannequin/Materials/MaterialLayers/T_ML_Rubber_Blue_01_N.uasset" 215
"../../../../../../Users/jackp/Desktop/fastTrack/twinstickshooter/Content/AnimationAssets/UE4_Mannequin/Materials/MaterialLayers/ML_GlossyBlack_Latex_UE4.uasset" 216
"../../../../../../Users/jackp/Desktop/fastTrack/twinstickshooter/Content/AnimationAssets/UE4_Mannequin/Materials/MaterialLayers/ML_Plastic_Shiny_Beige.uasset" 217
"../../../../../../Users/jackp/Desktop/fastTrack/twinstickshooter/Content/AnimationAssets/UE4_Mannequin/Textures/UE4_LOGO_CARD.uasset" 218
"../../../../../../Users/jackp/Desktop/fastTrack/twinstickshooter/Content/AnimationAssets/UE4_Mannequin/Materials/MaterialLayers/ML_Plastic_Shiny_Beige_LOGO.uasset" 219
"../../../../../../Users/jackp/Desktop/fastTrack/twinstickshooter/Content/AnimationAssets/UE4_Mannequin/Materials/MaterialLayers/T_ML_Aluminum01.uasset" 220
"../../../../../../Users/jackp/Desktop/fastTrack/twinstickshooter/Content/AnimationAssets/UE4_Mannequin/Materials/MaterialLayers/T_ML_Aluminum01_N.uasset" 221
"../../../../../../Users/jackp/Desktop/fastTrack/twinstickshooter/Content/AnimationAssets/UE4_Mannequin/Materials/MaterialLayers/ML_SoftMetal_UE4.uasset" 222
"../../../../../../Users/jackp/Desktop/fastTrack/twinstickshooter/Content/AnimationAssets/UE4_Mannequin/Textures/UE4_Mannequin__normals.uasset" 223
"../../../../../../Users/jackp/Desktop/fastTrack/twinstickshooter/Content/AnimationAssets/UE4_Mannequin/Textures/UE4_Mannequin_MAT_MASKA.uasset" 224
"../../../../../../Users/jackp/Desktop/fastTrack/twinstickshooter/Content/AnimationAssets/UE4_Mannequin/Textures/UE4_Mannequin_occlusion_Mobile.uasset" 225
"../../../../../../Users/jackp/Desktop/fastTrack/twinstickshooter/Content/AnimationAssets/UE4_Mannequin/Materials/M_UE4Man_Body.uasset" 226
"../../../../../../Users/jackp/Desktop/fastTrack/twinstickshooter/Content/AnimationAssets/UE4_Mannequin/Textures/UE4Man_Logo_N.uasset" 227
"../../../../../../Users/jackp/Desktop/fastTrack/twinstickshooter/Content/AnimationAssets/UE4_Mannequin/Materials/M_UE4Man_ChestLogo.uasset" 228
"../../../../../../Users/jackp/Desktop/fastTrack/twinstickshooter/Content/AnimationAssets/UE4_Mannequin/Mesh/SK_Mannequin_PhysicsAsset.uasset" 229
"../../../../../../Users/jackp/Desktop/fastTrack/twinstickshooter/Content/AnimationAssets/UE4_Mannequin/Mesh/SK_Mannequin.uasset" 230
"../../../../../../Users/jackp/Desktop/fastTrack/twinstickshooter/Content/blueprints/pauseHud.uasset" 231
"../../../../../../Users/jackp/Desktop/fastTrack/twinstickshooter/Content/blueprints/twinStickHud.uasset" 232
"../../../../../../Users/jackp/Desktop/fastTrack/twinstickshooter/Content/blueprints/heroChar.uasset" 233
"../../../../../../Users/jackp/Desktop/fastTrack/twinstickshooter/Content/blueprints/enemyChar.uasset" 234
"../../../../../../Users/jackp/Desktop/fastTrack/twinstickshooter/Content/blueprints/EnemySpawner.uasset" 235
"../../../../../../Users/jackp/Desktop/fastTrack/twinstickshooter/Content/Maps/Arena_BuiltData.uasset" 236
"../../../../../../Users/jackp/Desktop/fastTrack/twinstickshooter/Content/StarterContent/Textures/T_MacroVariation.uasset" 237
"../../../../../../Users/jackp/Desktop/fastTrack/twinstickshooter/Content/StarterContent/Textures/T_Metal_Aluminum_D.uasset" 238
"../../../../../../Users/jackp/Desktop/fastTrack/twinstickshooter/Content/StarterContent/Textures/T_Metal_Gold_N.uasset" 239
"../../../../../../Users/jackp/Desktop/fastTrack/twinstickshooter/Content/StarterContent/Materials/M_Metal_Burnished_Steel.uasset" 240
"../../../../../../Users/jackp/Desktop/fastTrack/twinstickshooter/Content/StarterContent/Textures/T_Tech_Hex_Tile_M.uasset" 241
"../../../../../../Users/jackp/Desktop/fastTrack/twinstickshooter/Content/StarterContent/Textures/T_Tech_Hex_Tile_N.uasset" 242
"../../../../../../Users/jackp/Desktop/fastTrack/twinstickshooter/Content/StarterContent/Materials/M_Tech_Hex_Tile.uasset" 243
"../../../../../../Users/jackp/Desktop/fastTrack/twinstickshooter/Content/StarterContent/HDRI/HDRI_Epic_Courtyard_Daylight.uasset" 244
"../../../../../../Users/jackp/Desktop/fastTrack/twinstickshooter/Content/Maps/Arena.umap" 245
"../../../Engine/Content/Maps/Entry_BuiltData.uasset" 246
"../../../Engine/Content/Maps/Entry.umap" 247
